{"timestamp": "2026-04-07T00:59:49.001493+00:00", "level": "INFO", "message": "FraudGuard logging initialized", "module": "logging_config", "log_file": "/media/kautilya-singh/New Volume/M.tech/Projects/SPE_Project/fraudguard-devops/tests/../app/logs/fraud.log"}
{"timestamp": "2026-04-07T00:59:49.175553+00:00", "level": "ERROR", "message": "Prediction failed: model not loaded", "module": "main", "transaction_id": "fc9c4543-c73e-45d0-923b-ffcaacb950b4", "client_ip": "testclient"}
{"timestamp": "2026-04-07T00:59:49.191661+00:00", "level": "ERROR", "message": "Prediction failed: model not loaded", "module": "main", "transaction_id": "2d88abcd-fc3f-4cbf-b761-8f3c985779ab", "client_ip": "testclient"}
{"timestamp": "2026-04-07T00:59:49.207987+00:00", "level": "ERROR", "message": "Prediction failed: model not loaded", "module": "main", "transaction_id": "a28efcd0-3fb5-4253-831d-a2c2eea79dc3", "client_ip": "testclient"}
{"timestamp": "2026-04-07T00:59:49.253354+00:00", "level": "ERROR", "message": "Prediction failed: model not loaded", "module": "main", "transaction_id": "b92288dc-daa8-4b50-805a-99597557bed2", "client_ip": "testclient"}
{"timestamp": "2026-04-07T00:59:49.273505+00:00", "level": "ERROR", "message": "Prediction failed: model not loaded", "module": "main", "transaction_id": "d544cd40-23f3-45f6-af2d-9bdc5c33ae52", "client_ip": "testclient"}
{"timestamp": "2026-04-07T00:59:49.293343+00:00", "level": "ERROR", "message": "Prediction failed: model not loaded", "module": "main", "transaction_id": "06dbd2f5-ecb7-4a73-b3af-9a72c1707162", "client_ip": "testclient"}
{"timestamp": "2026-04-07T00:59:49.311809+00:00", "level": "ERROR", "message": "Prediction failed: model not loaded", "module": "main", "transaction_id": "e72e76f9-4723-4686-97d4-18b4e250f084", "client_ip": "testclient"}
{"timestamp": "2026-04-07T01:00:56.835135+00:00", "level": "INFO", "message": "FraudGuard logging initialized", "module": "logging_config", "log_file": "/media/kautilya-singh/New Volume/M.tech/Projects/SPE_Project/fraudguard-devops/app/logs/fraud.log"}
{"timestamp": "2026-04-07T01:06:45.615263+00:00", "level": "INFO", "message": "FraudGuard logging initialized", "module": "logging_config", "log_file": "/media/kautilya-singh/New Volume/M.tech/Projects/SPE_Project/fraudguard-devops/tests/../app/logs/fraud.log"}
{"timestamp": "2026-04-07T01:06:46.645434+00:00", "level": "INFO", "message": "Model loaded successfully", "module": "model", "model_path": "/media/kautilya-singh/New Volume/M.tech/Projects/SPE_Project/fraudguard-devops/tests/../app/model.pkl", "feature_count": 48}
{"timestamp": "2026-04-07T01:06:46.753876+00:00", "level": "WARNING", "message": "Low-confidence prediction: fraudulent (score=0.5088)", "module": "main", "transaction_id": "3f2a51fd-36c5-44af-a839-766b31eb29e8", "prediction": 1, "confidence_score": 0.5088, "processing_time_ms": 87.13, "client_ip": "testclient", "label": "fraudulent"}
{"timestamp": "2026-04-07T01:06:46.840461+00:00", "level": "WARNING", "message": "Low-confidence prediction: fraudulent (score=0.5088)", "module": "main", "transaction_id": "e20d2840-ae14-4cc5-bf7d-feb5948ed29f", "prediction": 1, "confidence_score": 0.5088, "processing_time_ms": 76.12, "client_ip": "testclient", "label": "fraudulent"}
{"timestamp": "2026-04-07T01:06:46.970421+00:00", "level": "INFO", "message": "Prediction: legitimate (score=0.7917, time=116.15ms)", "module": "main", "transaction_id": "c8448a92-c1f9-4fa8-b198-2dcd8f356223", "prediction": 0, "confidence_score": 0.7917, "processing_time_ms": 116.15, "client_ip": "testclient", "label": "legitimate"}
{"timestamp": "2026-04-07T01:06:47.066395+00:00", "level": "WARNING", "message": "Low-confidence prediction: fraudulent (score=0.5088)", "module": "main", "transaction_id": "233cb602-00b0-4135-8209-db458d78490c", "prediction": 1, "confidence_score": 0.5088, "processing_time_ms": 76.53, "client_ip": "testclient", "label": "fraudulent"}
{"timestamp": "2026-04-07T01:06:47.158176+00:00", "level": "INFO", "message": "Prediction: legitimate (score=0.7917, time=79.35ms)", "module": "main", "transaction_id": "99faa537-578c-4a46-b091-76e2a92cd5ce", "prediction": 0, "confidence_score": 0.7917, "processing_time_ms": 79.35, "client_ip": "testclient", "label": "legitimate"}
{"timestamp": "2026-04-07T01:06:47.256968+00:00", "level": "INFO", "message": "Prediction: legitimate (score=0.7917, time=90.41ms)", "module": "main", "transaction_id": "0b40ae55-33a9-4ca0-beb6-e3431bb5ccdb", "prediction": 0, "confidence_score": 0.7917, "processing_time_ms": 90.41, "client_ip": "testclient", "label": "legitimate"}
{"timestamp": "2026-04-07T01:06:47.359921+00:00", "level": "INFO", "message": "Prediction: legitimate (score=0.7917, time=90.44ms)", "module": "main", "transaction_id": "4488c0f0-eead-4499-8a21-a99ff77d6fb0", "prediction": 0, "confidence_score": 0.7917, "processing_time_ms": 90.44, "client_ip": "testclient", "label": "legitimate"}
{"timestamp": "2026-04-07T01:07:15.045767+00:00", "level": "INFO", "message": "FraudGuard logging initialized", "module": "logging_config", "log_file": "/media/kautilya-singh/New Volume/M.tech/Projects/SPE_Project/fraudguard-devops/tests/../app/logs/fraud.log"}
{"timestamp": "2026-04-07T01:07:16.034343+00:00", "level": "INFO", "message": "Model loaded successfully", "module": "model", "model_path": "/media/kautilya-singh/New Volume/M.tech/Projects/SPE_Project/fraudguard-devops/tests/../app/model.pkl", "feature_count": 48}
{"timestamp": "2026-04-07T01:07:16.190161+00:00", "level": "WARNING", "message": "Low-confidence prediction: fraudulent (score=0.5088)", "module": "main", "transaction_id": "59ae7d17-926b-45c3-bb26-56a5d3638f97", "prediction": 1, "confidence_score": 0.5088, "processing_time_ms": 132.75, "client_ip": "testclient", "label": "fraudulent"}
{"timestamp": "2026-04-07T01:07:16.273892+00:00", "level": "WARNING", "message": "Low-confidence prediction: fraudulent (score=0.5088)", "module": "main", "transaction_id": "229447b2-3b9a-42bb-8d91-029b87d4c44b", "prediction": 1, "confidence_score": 0.5088, "processing_time_ms": 71.79, "client_ip": "testclient", "label": "fraudulent"}
{"timestamp": "2026-04-07T01:07:16.370590+00:00", "level": "INFO", "message": "Prediction: legitimate (score=0.7917, time=86.64ms)", "module": "main", "transaction_id": "390bc96c-1725-4cf2-af30-e3c05fae84a2", "prediction": 0, "confidence_score": 0.7917, "processing_time_ms": 86.64, "client_ip": "testclient", "label": "legitimate"}
{"timestamp": "2026-04-07T01:07:16.462801+00:00", "level": "WARNING", "message": "Low-confidence prediction: fraudulent (score=0.5088)", "module": "main", "transaction_id": "7e36a3c4-228c-4760-9c9c-1d15f66b844d", "prediction": 1, "confidence_score": 0.5088, "processing_time_ms": 72.87, "client_ip": "testclient", "label": "fraudulent"}
{"timestamp": "2026-04-07T01:07:16.583904+00:00", "level": "INFO", "message": "Prediction: legitimate (score=0.7917, time=109.78ms)", "module": "main", "transaction_id": "e640bb97-da71-4df7-8cc0-c6eae4b963f3", "prediction": 0, "confidence_score": 0.7917, "processing_time_ms": 109.78, "client_ip": "testclient", "label": "legitimate"}
{"timestamp": "2026-04-07T01:07:16.663473+00:00", "level": "INFO", "message": "Prediction: legitimate (score=0.7917, time=67.83ms)", "module": "main", "transaction_id": "86f3c963-8a4d-49a3-8cbd-eb7eae0ee594", "prediction": 0, "confidence_score": 0.7917, "processing_time_ms": 67.83, "client_ip": "testclient", "label": "legitimate"}
{"timestamp": "2026-04-07T01:07:16.787506+00:00", "level": "INFO", "message": "Prediction: legitimate (score=0.7917, time=112.39ms)", "module": "main", "transaction_id": "ae9e5dc4-bad0-49df-858f-c4a49728afcc", "prediction": 0, "confidence_score": 0.7917, "processing_time_ms": 112.39, "client_ip": "testclient", "label": "legitimate"}
{"timestamp": "2026-05-02T08:07:02.511452+00:00", "level": "INFO", "message": "FraudGuard logging initialized", "module": "logging_config", "log_file": "/home/vishesh/SPE/fraudguard-devops-main/tests/../app/logs/fraud.log"}
{"timestamp": "2026-05-02T08:07:02.533720+00:00", "level": "ERROR", "message": "Failed to load model: KeyError: 118", "module": "model", "model_path": "/home/vishesh/SPE/fraudguard-devops-main/tests/../app/model.pkl"}
{"timestamp": "2026-05-02T08:07:02.603889+00:00", "level": "ERROR", "message": "Prediction failed: model not loaded", "module": "main", "transaction_id": "38e2efe4-5150-4164-9df4-6ece45f42364", "client_ip": "testclient"}
{"timestamp": "2026-05-02T08:07:02.610274+00:00", "level": "ERROR", "message": "Prediction failed: model not loaded", "module": "main", "transaction_id": "dc122827-d39e-4a87-8350-89a240195327", "client_ip": "testclient"}
{"timestamp": "2026-05-02T08:07:02.615817+00:00", "level": "ERROR", "message": "Prediction failed: model not loaded", "module": "main", "transaction_id": "ab41f7e2-103e-479f-bdc4-c0998f985b0e", "client_ip": "testclient"}
{"timestamp": "2026-05-02T08:07:02.629436+00:00", "level": "ERROR", "message": "Prediction failed: model not loaded", "module": "main", "transaction_id": "a7a15ca0-e9c1-4c08-971c-92a24b9ffa8c", "client_ip": "testclient"}
{"timestamp": "2026-05-02T08:07:02.634797+00:00", "level": "ERROR", "message": "Prediction failed: model not loaded", "module": "main", "transaction_id": "0b1b8a2b-9af1-4a9b-9a84-cea6700f9595", "client_ip": "testclient"}
{"timestamp": "2026-05-02T08:07:02.640211+00:00", "level": "ERROR", "message": "Prediction failed: model not loaded", "module": "main", "transaction_id": "7ce09061-9eec-4344-8fce-781cf0a09ba2", "client_ip": "testclient"}
{"timestamp": "2026-05-02T08:07:02.645578+00:00", "level": "ERROR", "message": "Prediction failed: model not loaded", "module": "main", "transaction_id": "f01e456b-e014-4e43-8d2f-7f4d7cf61961", "client_ip": "testclient"}
{"timestamp": "2026-05-02T08:08:54.278667+00:00", "level": "INFO", "message": "FraudGuard logging initialized", "module": "logging_config", "log_file": "/home/vishesh/SPE/fraudguard-devops-main/tests/../app/logs/fraud.log"}
{"timestamp": "2026-05-02T08:08:54.816204+00:00", "level": "INFO", "message": "Model loaded successfully", "module": "model", "model_path": "/home/vishesh/SPE/fraudguard-devops-main/tests/../app/model.pkl", "feature_count": 48}
{"timestamp": "2026-05-02T08:08:54.876794+00:00", "level": "INFO", "message": "Prediction: legitimate (score=0.9043, time=34.95ms)", "module": "main", "transaction_id": "ee6ed152-b10b-4c87-b318-fe346b4fbd73", "prediction": 0, "confidence_score": 0.9043, "processing_time_ms": 34.95, "client_ip": "testclient", "label": "legitimate"}
{"timestamp": "2026-05-02T08:08:54.917122+00:00", "level": "INFO", "message": "Prediction: legitimate (score=0.9043, time=35.2ms)", "module": "main", "transaction_id": "3c9dcffd-520b-40c3-80e3-66c9a612441e", "prediction": 0, "confidence_score": 0.9043, "processing_time_ms": 35.2, "client_ip": "testclient", "label": "legitimate"}
{"timestamp": "2026-05-02T08:08:54.953043+00:00", "level": "INFO", "message": "Prediction: legitimate (score=0.8725, time=32.02ms)", "module": "main", "transaction_id": "6e9fbb3a-bc1d-4061-98e9-8c448d4cab44", "prediction": 0, "confidence_score": 0.8725, "processing_time_ms": 32.02, "client_ip": "testclient", "label": "legitimate"}
{"timestamp": "2026-05-02T08:08:54.995599+00:00", "level": "INFO", "message": "Prediction: legitimate (score=0.9043, time=33.15ms)", "module": "main", "transaction_id": "7ecefcb7-acfb-4409-9727-94e9885f6bbd", "prediction": 0, "confidence_score": 0.9043, "processing_time_ms": 33.15, "client_ip": "testclient", "label": "legitimate"}
{"timestamp": "2026-05-02T08:08:55.034002+00:00", "level": "INFO", "message": "Prediction: legitimate (score=0.8725, time=33.44ms)", "module": "main", "transaction_id": "e3ca8989-e74a-4173-b287-a911d6f4cb9c", "prediction": 0, "confidence_score": 0.8725, "processing_time_ms": 33.44, "client_ip": "testclient", "label": "legitimate"}
{"timestamp": "2026-05-02T08:08:55.072896+00:00", "level": "INFO", "message": "Prediction: legitimate (score=0.8725, time=32.64ms)", "module": "main", "transaction_id": "062e4ef3-93bb-4a16-820b-2b7a8c9d8ea6", "prediction": 0, "confidence_score": 0.8725, "processing_time_ms": 32.64, "client_ip": "testclient", "label": "legitimate"}
{"timestamp": "2026-05-02T08:08:55.112450+00:00", "level": "INFO", "message": "Prediction: legitimate (score=0.8725, time=34.67ms)", "module": "main", "transaction_id": "9645718f-4d56-4a76-9993-968b2441cdd8", "prediction": 0, "confidence_score": 0.8725, "processing_time_ms": 34.67, "client_ip": "testclient", "label": "legitimate"}
{"timestamp": "2026-05-02T08:09:09.790343+00:00", "level": "INFO", "message": "FraudGuard logging initialized", "module": "logging_config", "log_file": "/home/vishesh/SPE/fraudguard-devops-main/tests/../app/logs/fraud.log"}
{"timestamp": "2026-05-02T08:09:10.305141+00:00", "level": "INFO", "message": "Model loaded successfully", "module": "model", "model_path": "/home/vishesh/SPE/fraudguard-devops-main/tests/../app/model.pkl", "feature_count": 48}
{"timestamp": "2026-05-02T08:09:10.364904+00:00", "level": "INFO", "message": "Prediction: legitimate (score=0.9043, time=34.68ms)", "module": "main", "transaction_id": "942ce30e-7022-4a53-a224-e5977217bee3", "prediction": 0, "confidence_score": 0.9043, "processing_time_ms": 34.68, "client_ip": "testclient", "label": "legitimate"}
{"timestamp": "2026-05-02T08:09:10.401843+00:00", "level": "INFO", "message": "Prediction: legitimate (score=0.9043, time=32.49ms)", "module": "main", "transaction_id": "a1be8aaf-ada4-4bef-9bb9-a473a9e5b9a6", "prediction": 0, "confidence_score": 0.9043, "processing_time_ms": 32.49, "client_ip": "testclient", "label": "legitimate"}
{"timestamp": "2026-05-02T08:09:10.438164+00:00", "level": "INFO", "message": "Prediction: legitimate (score=0.8725, time=32.49ms)", "module": "main", "transaction_id": "ebde3463-7851-49e7-8f36-734bbe4f307a", "prediction": 0, "confidence_score": 0.8725, "processing_time_ms": 32.49, "client_ip": "testclient", "label": "legitimate"}
{"timestamp": "2026-05-02T08:09:10.485445+00:00", "level": "INFO", "message": "Prediction: legitimate (score=0.9043, time=34.61ms)", "module": "main", "transaction_id": "a5049c66-0861-40eb-af7f-38f220b9ca16", "prediction": 0, "confidence_score": 0.9043, "processing_time_ms": 34.61, "client_ip": "testclient", "label": "legitimate"}
{"timestamp": "2026-05-02T08:09:10.529462+00:00", "level": "INFO", "message": "Prediction: legitimate (score=0.8725, time=38.08ms)", "module": "main", "transaction_id": "4eff7a61-6856-4701-9425-2aa7beb3b3d9", "prediction": 0, "confidence_score": 0.8725, "processing_time_ms": 38.08, "client_ip": "testclient", "label": "legitimate"}
{"timestamp": "2026-05-02T08:09:10.568787+00:00", "level": "INFO", "message": "Prediction: legitimate (score=0.8725, time=33.26ms)", "module": "main", "transaction_id": "921b1e4f-cb62-4076-a53e-7fd3439a5d04", "prediction": 0, "confidence_score": 0.8725, "processing_time_ms": 33.26, "client_ip": "testclient", "label": "legitimate"}
{"timestamp": "2026-05-02T08:09:10.605605+00:00", "level": "INFO", "message": "Prediction: legitimate (score=0.8725, time=32.81ms)", "module": "main", "transaction_id": "17878461-8b71-4bc9-b9d4-87b55f774d19", "prediction": 0, "confidence_score": 0.8725, "processing_time_ms": 32.81, "client_ip": "testclient", "label": "legitimate"}
{"timestamp": "2026-05-02T09:32:29.685868+00:00", "level": "INFO", "message": "FraudGuard logging initialized", "module": "logging_config", "log_file": "/home/vishesh/SPE/fraudguard-devops-main/tests/../app/logs/fraud.log"}
{"timestamp": "2026-05-02T09:32:30.351640+00:00", "level": "INFO", "message": "Model loaded successfully", "module": "model", "model_path": "/home/vishesh/SPE/fraudguard-devops-main/tests/../app/model.pkl", "feature_count": 48}
{"timestamp": "2026-05-02T09:32:30.402748+00:00", "level": "WARNING", "message": "Low-confidence prediction: fraudulent (score=0.5088)", "module": "main", "transaction_id": "f0d0d9e5-9201-4dc0-8f45-8fbae6b5fbad", "prediction": 1, "confidence_score": 0.5088, "processing_time_ms": 35.16, "client_ip": "testclient", "label": "fraudulent"}
{"timestamp": "2026-05-02T09:32:30.440370+00:00", "level": "WARNING", "message": "Low-confidence prediction: fraudulent (score=0.5088)", "module": "main", "transaction_id": "61af985e-965f-4462-8db9-a6ed3e44ae31", "prediction": 1, "confidence_score": 0.5088, "processing_time_ms": 33.16, "client_ip": "testclient", "label": "fraudulent"}
{"timestamp": "2026-05-02T09:32:30.478481+00:00", "level": "INFO", "message": "Prediction: legitimate (score=0.7917, time=33.7ms)", "module": "main", "transaction_id": "e3e82633-169f-4e50-8ff0-f8d984195924", "prediction": 0, "confidence_score": 0.7917, "processing_time_ms": 33.7, "client_ip": "testclient", "label": "legitimate"}
{"timestamp": "2026-05-02T09:32:30.521024+00:00", "level": "WARNING", "message": "Low-confidence prediction: fraudulent (score=0.5088)", "module": "main", "transaction_id": "154ebd41-ffbf-464b-b701-2a98180f5b74", "prediction": 1, "confidence_score": 0.5088, "processing_time_ms": 32.88, "client_ip": "testclient", "label": "fraudulent"}
{"timestamp": "2026-05-02T09:32:30.557809+00:00", "level": "INFO", "message": "Prediction: legitimate (score=0.7917, time=32.92ms)", "module": "main", "transaction_id": "ab7099a6-8900-4b41-b66c-27bc553c4777", "prediction": 0, "confidence_score": 0.7917, "processing_time_ms": 32.92, "client_ip": "testclient", "label": "legitimate"}
{"timestamp": "2026-05-02T09:32:30.595508+00:00", "level": "INFO", "message": "Prediction: legitimate (score=0.7917, time=33.43ms)", "module": "main", "transaction_id": "afcdf6ab-d3de-4661-ae14-caf291e7e012", "prediction": 0, "confidence_score": 0.7917, "processing_time_ms": 33.43, "client_ip": "testclient", "label": "legitimate"}
{"timestamp": "2026-05-02T09:32:30.631509+00:00", "level": "INFO", "message": "Prediction: legitimate (score=0.7917, time=31.6ms)", "module": "main", "transaction_id": "ec5e99d5-38f5-429b-aea0-c003e17fbd26", "prediction": 0, "confidence_score": 0.7917, "processing_time_ms": 31.6, "client_ip": "testclient", "label": "legitimate"}
