This is pdfTeX, Version 3.141592653-2.6-1.40.22 (TeX Live 2022/dev/Debian) (preloaded format=pdflatex 2026.1.30)  13 MAY 2026 15:32
entering extended mode
 restricted \write18 enabled.
 %&-line parsing enabled.
**FraudGuard_Final_Report.tex
(./FraudGuard_Final_Report.tex
LaTeX2e <2021-11-15> patch level 1
L3 programming layer <2022-01-21>
(/usr/share/texlive/texmf-dist/tex/latex/base/article.cls
Document Class: article 2021/10/04 v1.4n Standard LaTeX document class
(/usr/share/texlive/texmf-dist/tex/latex/base/size12.clo
File: size12.clo 2021/10/04 v1.4n Standard LaTeX file (size option)
)
\c@part=\count185
\c@section=\count186
\c@subsection=\count187
\c@subsubsection=\count188
\c@paragraph=\count189
\c@subparagraph=\count190
\c@figure=\count191
\c@table=\count192
\abovecaptionskip=\skip47
\belowcaptionskip=\skip48
\bibindent=\dimen138
)
(/usr/share/texlive/texmf-dist/tex/latex/base/inputenc.sty
Package: inputenc 2021/02/14 v1.3d Input encoding file
\inpenc@prehook=\toks16
\inpenc@posthook=\toks17
)
(/usr/share/texlive/texmf-dist/tex/latex/graphics/graphicx.sty
Package: graphicx 2021/09/16 v1.2d Enhanced LaTeX Graphics (DPC,SPQR)

(/usr/share/texlive/texmf-dist/tex/latex/graphics/keyval.sty
Package: keyval 2014/10/28 v1.15 key=value parser (DPC)
\KV@toks@=\toks18
)
(/usr/share/texlive/texmf-dist/tex/latex/graphics/graphics.sty
Package: graphics 2021/03/04 v1.4d Standard LaTeX Graphics (DPC,SPQR)

(/usr/share/texlive/texmf-dist/tex/latex/graphics/trig.sty
Package: trig 2021/08/11 v1.11 sin cos tan (DPC)
)
(/usr/share/texlive/texmf-dist/tex/latex/graphics-cfg/graphics.cfg
File: graphics.cfg 2016/06/04 v1.11 sample graphics configuration
)
Package graphics Info: Driver file: pdftex.def on input line 107.

(/usr/share/texlive/texmf-dist/tex/latex/graphics-def/pdftex.def
File: pdftex.def 2020/10/05 v1.2a Graphics/color driver for pdftex
))
\Gin@req@height=\dimen139
\Gin@req@width=\dimen140
)
(/usr/share/texlive/texmf-dist/tex/latex/hyperref/hyperref.sty
Package: hyperref 2021-06-07 v7.00m Hypertext links for LaTeX

(/usr/share/texlive/texmf-dist/tex/generic/ltxcmds/ltxcmds.sty
Package: ltxcmds 2020-05-10 v1.25 LaTeX kernel commands for general use (HO)
)
(/usr/share/texlive/texmf-dist/tex/generic/iftex/iftex.sty
Package: iftex 2020/03/06 v1.0d TeX engine tests
)
(/usr/share/texlive/texmf-dist/tex/generic/pdftexcmds/pdftexcmds.sty
Package: pdftexcmds 2020-06-27 v0.33 Utility functions of pdfTeX for LuaTeX (HO
)

(/usr/share/texlive/texmf-dist/tex/generic/infwarerr/infwarerr.sty
Package: infwarerr 2019/12/03 v1.5 Providing info/warning/error messages (HO)
)
Package pdftexcmds Info: \pdf@primitive is available.
Package pdftexcmds Info: \pdf@ifprimitive is available.
Package pdftexcmds Info: \pdfdraftmode found.
)
(/usr/share/texlive/texmf-dist/tex/generic/kvsetkeys/kvsetkeys.sty
Package: kvsetkeys 2019/12/15 v1.18 Key value parser (HO)
)
(/usr/share/texlive/texmf-dist/tex/generic/kvdefinekeys/kvdefinekeys.sty
Package: kvdefinekeys 2019-12-19 v1.6 Define keys (HO)
)
(/usr/share/texlive/texmf-dist/tex/generic/pdfescape/pdfescape.sty
Package: pdfescape 2019/12/09 v1.15 Implements pdfTeX's escape features (HO)
)
(/usr/share/texlive/texmf-dist/tex/latex/hycolor/hycolor.sty
Package: hycolor 2020-01-27 v1.10 Color options for hyperref/bookmark (HO)
)
(/usr/share/texlive/texmf-dist/tex/latex/letltxmacro/letltxmacro.sty
Package: letltxmacro 2019/12/03 v1.6 Let assignment for LaTeX macros (HO)
)
(/usr/share/texlive/texmf-dist/tex/latex/auxhook/auxhook.sty
Package: auxhook 2019-12-17 v1.6 Hooks for auxiliary files (HO)
)
(/usr/share/texlive/texmf-dist/tex/latex/kvoptions/kvoptions.sty
Package: kvoptions 2020-10-07 v3.14 Key value format for package options (HO)
)
\@linkdim=\dimen141
\Hy@linkcounter=\count193
\Hy@pagecounter=\count194

(/usr/share/texlive/texmf-dist/tex/latex/hyperref/pd1enc.def
File: pd1enc.def 2021-06-07 v7.00m Hyperref: PDFDocEncoding definition (HO)
Now handling font encoding PD1 ...
... no UTF-8 mapping file for font encoding PD1
)
(/usr/share/texlive/texmf-dist/tex/latex/hyperref/hyperref-langpatches.def
File: hyperref-langpatches.def 2021-06-07 v7.00m Hyperref: patches for babel la
nguages
)
(/usr/share/texlive/texmf-dist/tex/generic/intcalc/intcalc.sty
Package: intcalc 2019/12/15 v1.3 Expandable calculations with integers (HO)
)
(/usr/share/texlive/texmf-dist/tex/generic/etexcmds/etexcmds.sty
Package: etexcmds 2019/12/15 v1.7 Avoid name clashes with e-TeX commands (HO)
)
\Hy@SavedSpaceFactor=\count195

(/usr/share/texlive/texmf-dist/tex/latex/hyperref/puenc.def
File: puenc.def 2021-06-07 v7.00m Hyperref: PDF Unicode definition (HO)
Now handling font encoding PU ...
... no UTF-8 mapping file for font encoding PU
)
Package hyperref Info: Hyper figures OFF on input line 4192.
Package hyperref Info: Link nesting OFF on input line 4197.
Package hyperref Info: Hyper index ON on input line 4200.
Package hyperref Info: Plain pages OFF on input line 4207.
Package hyperref Info: Backreferencing OFF on input line 4212.
Package hyperref Info: Implicit mode ON; LaTeX internals redefined.
Package hyperref Info: Bookmarks ON on input line 4445.
\c@Hy@tempcnt=\count196

(/usr/share/texlive/texmf-dist/tex/latex/url/url.sty
\Urlmuskip=\muskip16
Package: url 2013/09/16  ver 3.4  Verb mode for urls, etc.
)
LaTeX Info: Redefining \url on input line 4804.
\XeTeXLinkMargin=\dimen142

(/usr/share/texlive/texmf-dist/tex/generic/bitset/bitset.sty
Package: bitset 2019/12/09 v1.3 Handle bit-vector datatype (HO)

(/usr/share/texlive/texmf-dist/tex/generic/bigintcalc/bigintcalc.sty
Package: bigintcalc 2019/12/15 v1.5 Expandable calculations on big integers (HO
)
))
\Fld@menulength=\count197
\Field@Width=\dimen143
\Fld@charsize=\dimen144
Package hyperref Info: Hyper figures OFF on input line 6076.
Package hyperref Info: Link nesting OFF on input line 6081.
Package hyperref Info: Hyper index ON on input line 6084.
Package hyperref Info: backreferencing OFF on input line 6091.
Package hyperref Info: Link coloring OFF on input line 6096.
Package hyperref Info: Link coloring with OCG OFF on input line 6101.
Package hyperref Info: PDF/A mode OFF on input line 6106.
LaTeX Info: Redefining \ref on input line 6146.
LaTeX Info: Redefining \pageref on input line 6150.

(/usr/share/texlive/texmf-dist/tex/latex/base/atbegshi-ltx.sty
Package: atbegshi-ltx 2021/01/10 v1.0c Emulation of the original atbegshi
package with kernel methods
)
\Hy@abspage=\count198
\c@Item=\count199
\c@Hfootnote=\count266
)
Package hyperref Info: Driver (autodetected): hpdftex.

(/usr/share/texlive/texmf-dist/tex/latex/hyperref/hpdftex.def
File: hpdftex.def 2021-06-07 v7.00m Hyperref driver for pdfTeX

(/usr/share/texlive/texmf-dist/tex/latex/base/atveryend-ltx.sty
Package: atveryend-ltx 2020/08/19 v1.0a Emulation of the original atveryend pac
kage
with kernel methods
)
\Fld@listcount=\count267
\c@bookmark@seq@number=\count268

(/usr/share/texlive/texmf-dist/tex/latex/rerunfilecheck/rerunfilecheck.sty
Package: rerunfilecheck 2019/12/05 v1.9 Rerun checks for auxiliary files (HO)

(/usr/share/texlive/texmf-dist/tex/generic/uniquecounter/uniquecounter.sty
Package: uniquecounter 2019/12/15 v1.4 Provide unlimited unique counter (HO)
)
Package uniquecounter Info: New unique counter `rerunfilecheck' on input line 2
86.
)
\Hy@SectionHShift=\skip49
)
(/usr/share/texlive/texmf-dist/tex/latex/geometry/geometry.sty
Package: geometry 2020/01/02 v5.9 Page Geometry

(/usr/share/texlive/texmf-dist/tex/generic/iftex/ifvtex.sty
Package: ifvtex 2019/10/25 v1.7 ifvtex legacy package. Use iftex instead.
)
\Gm@cnth=\count269
\Gm@cntv=\count270
\c@Gm@tempcnt=\count271
\Gm@bindingoffset=\dimen145
\Gm@wd@mp=\dimen146
\Gm@odd@mp=\dimen147
\Gm@even@mp=\dimen148
\Gm@layoutwidth=\dimen149
\Gm@layoutheight=\dimen150
\Gm@layouthoffset=\dimen151
\Gm@layoutvoffset=\dimen152
\Gm@dimlist=\toks19
)
(/usr/share/texlive/texmf-dist/tex/latex/float/float.sty
Package: float 2001/11/08 v1.3d Float enhancements (AL)
\c@float@type=\count272
\float@exts=\toks20
\float@box=\box50
\@float@everytoks=\toks21
\@floatcapt=\box51
)
(/usr/share/texlive/texmf-dist/tex/latex/titlesec/titlesec.sty
Package: titlesec 2021/07/05 v2.14 Sectioning titles
\ttl@box=\box52
\beforetitleunit=\skip50
\aftertitleunit=\skip51
\ttl@plus=\dimen153
\ttl@minus=\dimen154
\ttl@toksa=\toks22
\titlewidth=\dimen155
\titlewidthlast=\dimen156
\titlewidthfirst=\dimen157
)
(/usr/share/texlive/texmf-dist/tex/latex/pgf/frontendlayer/tikz.sty
(/usr/share/texlive/texmf-dist/tex/latex/pgf/basiclayer/pgf.sty
(/usr/share/texlive/texmf-dist/tex/latex/pgf/utilities/pgfrcs.sty
(/usr/share/texlive/texmf-dist/tex/generic/pgf/utilities/pgfutil-common.tex
\pgfutil@everybye=\toks23
\pgfutil@tempdima=\dimen158
\pgfutil@tempdimb=\dimen159

(/usr/share/texlive/texmf-dist/tex/generic/pgf/utilities/pgfutil-common-lists.t
ex)) (/usr/share/texlive/texmf-dist/tex/generic/pgf/utilities/pgfutil-latex.def
\pgfutil@abb=\box53
) (/usr/share/texlive/texmf-dist/tex/generic/pgf/utilities/pgfrcs.code.tex
(/usr/share/texlive/texmf-dist/tex/generic/pgf/pgf.revision.tex)
Package: pgfrcs 2021/05/15 v3.1.9a (3.1.9a)
))
Package: pgf 2021/05/15 v3.1.9a (3.1.9a)

(/usr/share/texlive/texmf-dist/tex/latex/pgf/basiclayer/pgfcore.sty
(/usr/share/texlive/texmf-dist/tex/latex/pgf/systemlayer/pgfsys.sty
(/usr/share/texlive/texmf-dist/tex/generic/pgf/systemlayer/pgfsys.code.tex
Package: pgfsys 2021/05/15 v3.1.9a (3.1.9a)

(/usr/share/texlive/texmf-dist/tex/generic/pgf/utilities/pgfkeys.code.tex
\pgfkeys@pathtoks=\toks24
\pgfkeys@temptoks=\toks25

(/usr/share/texlive/texmf-dist/tex/generic/pgf/utilities/pgfkeysfiltered.code.t
ex
\pgfkeys@tmptoks=\toks26
))
\pgf@x=\dimen160
\pgf@y=\dimen161
\pgf@xa=\dimen162
\pgf@ya=\dimen163
\pgf@xb=\dimen164
\pgf@yb=\dimen165
\pgf@xc=\dimen166
\pgf@yc=\dimen167
\pgf@xd=\dimen168
\pgf@yd=\dimen169
\w@pgf@writea=\write3
\r@pgf@reada=\read2
\c@pgf@counta=\count273
\c@pgf@countb=\count274
\c@pgf@countc=\count275
\c@pgf@countd=\count276
\t@pgf@toka=\toks27
\t@pgf@tokb=\toks28
\t@pgf@tokc=\toks29
\pgf@sys@id@count=\count277
 (/usr/share/texlive/texmf-dist/tex/generic/pgf/systemlayer/pgf.cfg
File: pgf.cfg 2021/05/15 v3.1.9a (3.1.9a)
)
Driver file for pgf: pgfsys-pdftex.def

(/usr/share/texlive/texmf-dist/tex/generic/pgf/systemlayer/pgfsys-pdftex.def
File: pgfsys-pdftex.def 2021/05/15 v3.1.9a (3.1.9a)

(/usr/share/texlive/texmf-dist/tex/generic/pgf/systemlayer/pgfsys-common-pdf.de
f
File: pgfsys-common-pdf.def 2021/05/15 v3.1.9a (3.1.9a)
)))
(/usr/share/texlive/texmf-dist/tex/generic/pgf/systemlayer/pgfsyssoftpath.code.
tex
File: pgfsyssoftpath.code.tex 2021/05/15 v3.1.9a (3.1.9a)
\pgfsyssoftpath@smallbuffer@items=\count278
\pgfsyssoftpath@bigbuffer@items=\count279
)
(/usr/share/texlive/texmf-dist/tex/generic/pgf/systemlayer/pgfsysprotocol.code.
tex
File: pgfsysprotocol.code.tex 2021/05/15 v3.1.9a (3.1.9a)
)) (/usr/share/texlive/texmf-dist/tex/latex/xcolor/xcolor.sty
Package: xcolor 2021/10/31 v2.13 LaTeX color extensions (UK)

(/usr/share/texlive/texmf-dist/tex/latex/graphics-cfg/color.cfg
File: color.cfg 2016/01/02 v1.6 sample color configuration
)
Package xcolor Info: Driver file: pdftex.def on input line 227.
Package xcolor Info: Model `cmy' substituted by `cmy0' on input line 1352.
Package xcolor Info: Model `hsb' substituted by `rgb' on input line 1356.
Package xcolor Info: Model `RGB' extended on input line 1368.
Package xcolor Info: Model `HTML' substituted by `rgb' on input line 1370.
Package xcolor Info: Model `Hsb' substituted by `hsb' on input line 1371.
Package xcolor Info: Model `tHsb' substituted by `hsb' on input line 1372.
Package xcolor Info: Model `HSB' substituted by `hsb' on input line 1373.
Package xcolor Info: Model `Gray' substituted by `gray' on input line 1374.
Package xcolor Info: Model `wave' substituted by `hsb' on input line 1375.
)
(/usr/share/texlive/texmf-dist/tex/generic/pgf/basiclayer/pgfcore.code.tex
Package: pgfcore 2021/05/15 v3.1.9a (3.1.9a)

(/usr/share/texlive/texmf-dist/tex/generic/pgf/math/pgfmath.code.tex
(/usr/share/texlive/texmf-dist/tex/generic/pgf/math/pgfmathcalc.code.tex
(/usr/share/texlive/texmf-dist/tex/generic/pgf/math/pgfmathutil.code.tex)
(/usr/share/texlive/texmf-dist/tex/generic/pgf/math/pgfmathparser.code.tex
\pgfmath@dimen=\dimen170
\pgfmath@count=\count280
\pgfmath@box=\box54
\pgfmath@toks=\toks30
\pgfmath@stack@operand=\toks31
\pgfmath@stack@operation=\toks32
)
(/usr/share/texlive/texmf-dist/tex/generic/pgf/math/pgfmathfunctions.code.tex
(/usr/share/texlive/texmf-dist/tex/generic/pgf/math/pgfmathfunctions.basic.code
.tex)
(/usr/share/texlive/texmf-dist/tex/generic/pgf/math/pgfmathfunctions.trigonomet
ric.code.tex)
(/usr/share/texlive/texmf-dist/tex/generic/pgf/math/pgfmathfunctions.random.cod
e.tex)
(/usr/share/texlive/texmf-dist/tex/generic/pgf/math/pgfmathfunctions.comparison
.code.tex)
(/usr/share/texlive/texmf-dist/tex/generic/pgf/math/pgfmathfunctions.base.code.
tex)
(/usr/share/texlive/texmf-dist/tex/generic/pgf/math/pgfmathfunctions.round.code
.tex)
(/usr/share/texlive/texmf-dist/tex/generic/pgf/math/pgfmathfunctions.misc.code.
tex)
(/usr/share/texlive/texmf-dist/tex/generic/pgf/math/pgfmathfunctions.integerari
thmetics.code.tex)))
(/usr/share/texlive/texmf-dist/tex/generic/pgf/math/pgfmathfloat.code.tex
\c@pgfmathroundto@lastzeros=\count281
))
(/usr/share/texlive/texmf-dist/tex/generic/pgf/math/pgfint.code.tex)
(/usr/share/texlive/texmf-dist/tex/generic/pgf/basiclayer/pgfcorepoints.code.te
x
File: pgfcorepoints.code.tex 2021/05/15 v3.1.9a (3.1.9a)
\pgf@picminx=\dimen171
\pgf@picmaxx=\dimen172
\pgf@picminy=\dimen173
\pgf@picmaxy=\dimen174
\pgf@pathminx=\dimen175
\pgf@pathmaxx=\dimen176
\pgf@pathminy=\dimen177
\pgf@pathmaxy=\dimen178
\pgf@xx=\dimen179
\pgf@xy=\dimen180
\pgf@yx=\dimen181
\pgf@yy=\dimen182
\pgf@zx=\dimen183
\pgf@zy=\dimen184
)
(/usr/share/texlive/texmf-dist/tex/generic/pgf/basiclayer/pgfcorepathconstruct.
code.tex
File: pgfcorepathconstruct.code.tex 2021/05/15 v3.1.9a (3.1.9a)
\pgf@path@lastx=\dimen185
\pgf@path@lasty=\dimen186
)
(/usr/share/texlive/texmf-dist/tex/generic/pgf/basiclayer/pgfcorepathusage.code
.tex
File: pgfcorepathusage.code.tex 2021/05/15 v3.1.9a (3.1.9a)
\pgf@shorten@end@additional=\dimen187
\pgf@shorten@start@additional=\dimen188
)
(/usr/share/texlive/texmf-dist/tex/generic/pgf/basiclayer/pgfcorescopes.code.te
x
File: pgfcorescopes.code.tex 2021/05/15 v3.1.9a (3.1.9a)
\pgfpic=\box55
\pgf@hbox=\box56
\pgf@layerbox@main=\box57
\pgf@picture@serial@count=\count282
)
(/usr/share/texlive/texmf-dist/tex/generic/pgf/basiclayer/pgfcoregraphicstate.c
ode.tex
File: pgfcoregraphicstate.code.tex 2021/05/15 v3.1.9a (3.1.9a)
\pgflinewidth=\dimen189
)
(/usr/share/texlive/texmf-dist/tex/generic/pgf/basiclayer/pgfcoretransformation
s.code.tex
File: pgfcoretransformations.code.tex 2021/05/15 v3.1.9a (3.1.9a)
\pgf@pt@x=\dimen190
\pgf@pt@y=\dimen191
\pgf@pt@temp=\dimen192
)
(/usr/share/texlive/texmf-dist/tex/generic/pgf/basiclayer/pgfcorequick.code.tex
File: pgfcorequick.code.tex 2021/05/15 v3.1.9a (3.1.9a)
)
(/usr/share/texlive/texmf-dist/tex/generic/pgf/basiclayer/pgfcoreobjects.code.t
ex
File: pgfcoreobjects.code.tex 2021/05/15 v3.1.9a (3.1.9a)
)
(/usr/share/texlive/texmf-dist/tex/generic/pgf/basiclayer/pgfcorepathprocessing
.code.tex
File: pgfcorepathprocessing.code.tex 2021/05/15 v3.1.9a (3.1.9a)
)
(/usr/share/texlive/texmf-dist/tex/generic/pgf/basiclayer/pgfcorearrows.code.te
x
File: pgfcorearrows.code.tex 2021/05/15 v3.1.9a (3.1.9a)
\pgfarrowsep=\dimen193
)
(/usr/share/texlive/texmf-dist/tex/generic/pgf/basiclayer/pgfcoreshade.code.tex
File: pgfcoreshade.code.tex 2021/05/15 v3.1.9a (3.1.9a)
\pgf@max=\dimen194
\pgf@sys@shading@range@num=\count283
\pgf@shadingcount=\count284
)
(/usr/share/texlive/texmf-dist/tex/generic/pgf/basiclayer/pgfcoreimage.code.tex
File: pgfcoreimage.code.tex 2021/05/15 v3.1.9a (3.1.9a)

(/usr/share/texlive/texmf-dist/tex/generic/pgf/basiclayer/pgfcoreexternal.code.
tex
File: pgfcoreexternal.code.tex 2021/05/15 v3.1.9a (3.1.9a)
\pgfexternal@startupbox=\box58
))
(/usr/share/texlive/texmf-dist/tex/generic/pgf/basiclayer/pgfcorelayers.code.te
x
File: pgfcorelayers.code.tex 2021/05/15 v3.1.9a (3.1.9a)
)
(/usr/share/texlive/texmf-dist/tex/generic/pgf/basiclayer/pgfcoretransparency.c
ode.tex
File: pgfcoretransparency.code.tex 2021/05/15 v3.1.9a (3.1.9a)
)
(/usr/share/texlive/texmf-dist/tex/generic/pgf/basiclayer/pgfcorepatterns.code.
tex
File: pgfcorepatterns.code.tex 2021/05/15 v3.1.9a (3.1.9a)
)
(/usr/share/texlive/texmf-dist/tex/generic/pgf/basiclayer/pgfcorerdf.code.tex
File: pgfcorerdf.code.tex 2021/05/15 v3.1.9a (3.1.9a)
)))
(/usr/share/texlive/texmf-dist/tex/generic/pgf/modules/pgfmoduleshapes.code.tex
File: pgfmoduleshapes.code.tex 2021/05/15 v3.1.9a (3.1.9a)
\pgfnodeparttextbox=\box59
) (/usr/share/texlive/texmf-dist/tex/generic/pgf/modules/pgfmoduleplot.code.tex
File: pgfmoduleplot.code.tex 2021/05/15 v3.1.9a (3.1.9a)
)
(/usr/share/texlive/texmf-dist/tex/latex/pgf/compatibility/pgfcomp-version-0-65
.sty
Package: pgfcomp-version-0-65 2021/05/15 v3.1.9a (3.1.9a)
\pgf@nodesepstart=\dimen195
\pgf@nodesepend=\dimen196
)
(/usr/share/texlive/texmf-dist/tex/latex/pgf/compatibility/pgfcomp-version-1-18
.sty
Package: pgfcomp-version-1-18 2021/05/15 v3.1.9a (3.1.9a)
)) (/usr/share/texlive/texmf-dist/tex/latex/pgf/utilities/pgffor.sty
(/usr/share/texlive/texmf-dist/tex/latex/pgf/utilities/pgfkeys.sty
(/usr/share/texlive/texmf-dist/tex/generic/pgf/utilities/pgfkeys.code.tex))
(/usr/share/texlive/texmf-dist/tex/latex/pgf/math/pgfmath.sty
(/usr/share/texlive/texmf-dist/tex/generic/pgf/math/pgfmath.code.tex))
(/usr/share/texlive/texmf-dist/tex/generic/pgf/utilities/pgffor.code.tex
Package: pgffor 2021/05/15 v3.1.9a (3.1.9a)

(/usr/share/texlive/texmf-dist/tex/generic/pgf/math/pgfmath.code.tex)
\pgffor@iter=\dimen197
\pgffor@skip=\dimen198
\pgffor@stack=\toks33
\pgffor@toks=\toks34
))
(/usr/share/texlive/texmf-dist/tex/generic/pgf/frontendlayer/tikz/tikz.code.tex
Package: tikz 2021/05/15 v3.1.9a (3.1.9a)

(/usr/share/texlive/texmf-dist/tex/generic/pgf/libraries/pgflibraryplothandlers
.code.tex
File: pgflibraryplothandlers.code.tex 2021/05/15 v3.1.9a (3.1.9a)
\pgf@plot@mark@count=\count285
\pgfplotmarksize=\dimen199
)
\tikz@lastx=\dimen256
\tikz@lasty=\dimen257
\tikz@lastxsaved=\dimen258
\tikz@lastysaved=\dimen259
\tikz@lastmovetox=\dimen260
\tikz@lastmovetoy=\dimen261
\tikzleveldistance=\dimen262
\tikzsiblingdistance=\dimen263
\tikz@figbox=\box60
\tikz@figbox@bg=\box61
\tikz@tempbox=\box62
\tikz@tempbox@bg=\box63
\tikztreelevel=\count286
\tikznumberofchildren=\count287
\tikznumberofcurrentchild=\count288
\tikz@fig@count=\count289

(/usr/share/texlive/texmf-dist/tex/generic/pgf/modules/pgfmodulematrix.code.tex
File: pgfmodulematrix.code.tex 2021/05/15 v3.1.9a (3.1.9a)
\pgfmatrixcurrentrow=\count290
\pgfmatrixcurrentcolumn=\count291
\pgf@matrix@numberofcolumns=\count292
)
\tikz@expandcount=\count293

(/usr/share/texlive/texmf-dist/tex/generic/pgf/frontendlayer/tikz/libraries/tik
zlibrarytopaths.code.tex
File: tikzlibrarytopaths.code.tex 2021/05/15 v3.1.9a (3.1.9a)
)))
(/usr/share/texlive/texmf-dist/tex/generic/pgf/frontendlayer/tikz/libraries/tik
zlibraryshapes.geometric.code.tex
File: tikzlibraryshapes.geometric.code.tex 2021/05/15 v3.1.9a (3.1.9a)

(/usr/share/texlive/texmf-dist/tex/generic/pgf/libraries/shapes/pgflibraryshape
s.geometric.code.tex
File: pgflibraryshapes.geometric.code.tex 2021/05/15 v3.1.9a (3.1.9a)
))
(/usr/share/texlive/texmf-dist/tex/generic/pgf/frontendlayer/tikz/libraries/tik
zlibraryarrows.code.tex
File: tikzlibraryarrows.code.tex 2021/05/15 v3.1.9a (3.1.9a)

(/usr/share/texlive/texmf-dist/tex/generic/pgf/libraries/pgflibraryarrows.code.
tex
File: pgflibraryarrows.code.tex 2021/05/15 v3.1.9a (3.1.9a)
\arrowsize=\dimen264
))
(/usr/share/texlive/texmf-dist/tex/generic/pgf/frontendlayer/tikz/libraries/tik
zlibrarypositioning.code.tex
File: tikzlibrarypositioning.code.tex 2021/05/15 v3.1.9a (3.1.9a)
)
(/usr/share/texlive/texmf-dist/tex/generic/pgf/frontendlayer/tikz/libraries/tik
zlibraryfit.code.tex
File: tikzlibraryfit.code.tex 2021/05/15 v3.1.9a (3.1.9a)
)
(/usr/share/texlive/texmf-dist/tex/generic/pgf/frontendlayer/tikz/libraries/tik
zlibrarycalc.code.tex
File: tikzlibrarycalc.code.tex 2021/05/15 v3.1.9a (3.1.9a)
)
(/usr/share/texlive/texmf-dist/tex/latex/l3backend/l3backend-pdftex.def
File: l3backend-pdftex.def 2022-01-12 L3 backend support: PDF output (pdfTeX)
\l__color_backend_stack_int=\count294
\l__pdf_internal_box=\box64
)
(./FraudGuard_Final_Report.aux)
\openout1 = `FraudGuard_Final_Report.aux'.

LaTeX Font Info:    Checking defaults for OML/cmm/m/it on input line 17.
LaTeX Font Info:    ... okay on input line 17.
LaTeX Font Info:    Checking defaults for OMS/cmsy/m/n on input line 17.
LaTeX Font Info:    ... okay on input line 17.
LaTeX Font Info:    Checking defaults for OT1/cmr/m/n on input line 17.
LaTeX Font Info:    ... okay on input line 17.
LaTeX Font Info:    Checking defaults for T1/cmr/m/n on input line 17.
LaTeX Font Info:    ... okay on input line 17.
LaTeX Font Info:    Checking defaults for TS1/cmr/m/n on input line 17.
LaTeX Font Info:    ... okay on input line 17.
LaTeX Font Info:    Checking defaults for OMX/cmex/m/n on input line 17.
LaTeX Font Info:    ... okay on input line 17.
LaTeX Font Info:    Checking defaults for U/cmr/m/n on input line 17.
LaTeX Font Info:    ... okay on input line 17.
LaTeX Font Info:    Checking defaults for PD1/pdf/m/n on input line 17.
LaTeX Font Info:    ... okay on input line 17.
LaTeX Font Info:    Checking defaults for PU/pdf/m/n on input line 17.
LaTeX Font Info:    ... okay on input line 17.

(/usr/share/texlive/texmf-dist/tex/context/base/mkii/supp-pdf.mkii
[Loading MPS to PDF converter (version 2006.09.02).]
\scratchcounter=\count295
\scratchdimen=\dimen265
\scratchbox=\box65
\nofMPsegments=\count296
\nofMParguments=\count297
\everyMPshowfont=\toks35
\MPscratchCnt=\count298
\MPscratchDim=\dimen266
\MPnumerator=\count299
\makeMPintoPDFobject=\count300
\everyMPtoPDFconversion=\toks36
) (/usr/share/texlive/texmf-dist/tex/latex/epstopdf-pkg/epstopdf-base.sty
Package: epstopdf-base 2020-01-24 v2.11 Base part for package epstopdf
Package epstopdf-base Info: Redefining graphics rule for `.eps' on input line 4
85.

(/usr/share/texlive/texmf-dist/tex/latex/latexconfig/epstopdf-sys.cfg
File: epstopdf-sys.cfg 2010/07/13 v1.3 Configuration of (r)epstopdf for TeX Liv
e
))
Package hyperref Info: Link coloring OFF on input line 17.

(/usr/share/texlive/texmf-dist/tex/latex/hyperref/nameref.sty
Package: nameref 2021-04-02 v2.47 Cross-referencing by name of section

(/usr/share/texlive/texmf-dist/tex/latex/refcount/refcount.sty
Package: refcount 2019/12/15 v3.6 Data extraction from label references (HO)
)
(/usr/share/texlive/texmf-dist/tex/generic/gettitlestring/gettitlestring.sty
Package: gettitlestring 2019/12/15 v1.6 Cleanup title references (HO)
)
\c@section@level=\count301
)
LaTeX Info: Redefining \ref on input line 17.
LaTeX Info: Redefining \pageref on input line 17.
LaTeX Info: Redefining \nameref on input line 17.

(./FraudGuard_Final_Report.out) (./FraudGuard_Final_Report.out)
\@outlinefile=\write4
\openout4 = `FraudGuard_Final_Report.out'.


*geometry* driver: auto-detecting
*geometry* detected driver: pdftex
*geometry* verbose mode - [ preamble ] result:
* driver: pdftex
* paper: a4paper
* layout: <same size as paper>
* layoutoffset:(h,v)=(0.0pt,0.0pt)
* modes: 
* h-part:(L,W,R)=(72.26999pt, 452.9679pt, 72.26999pt)
* v-part:(T,H,B)=(72.26999pt, 700.50687pt, 72.26999pt)
* \paperwidth=597.50787pt
* \paperheight=845.04684pt
* \textwidth=452.9679pt
* \textheight=700.50687pt
* \oddsidemargin=0.0pt
* \evensidemargin=0.0pt
* \topmargin=-37.0pt
* \headheight=12.0pt
* \headsep=25.0pt
* \topskip=12.0pt
* \footskip=30.0pt
* \marginparwidth=35.0pt
* \marginparsep=10.0pt
* \columnsep=10.0pt
* \skip\footins=10.8pt plus 4.0pt minus 2.0pt
* \hoffset=0.0pt
* \voffset=0.0pt
* \mag=1000
* \@twocolumnfalse
* \@twosidefalse
* \@mparswitchfalse
* \@reversemarginfalse
* (1in=72.27pt=25.4mm, 1cm=28.453pt)

LaTeX Font Info:    External font `cmex10' loaded for size
(Font)              <14.4> on input line 20.
LaTeX Font Info:    External font `cmex10' loaded for size
(Font)              <7> on input line 20.
LaTeX Font Info:    External font `cmex10' loaded for size
(Font)              <12> on input line 23.
LaTeX Font Info:    External font `cmex10' loaded for size
(Font)              <8> on input line 23.
LaTeX Font Info:    External font `cmex10' loaded for size
(Font)              <6> on input line 23.
[1

{/var/lib/texmf/fonts/map/pdftex/updmap/pdftex.map}]
(./FraudGuard_Final_Report.toc)
\tf@toc=\write5
\openout5 = `FraudGuard_Final_Report.toc'.

 [2]
<Screenshots/Specifications.png, id=156, 751.80875pt x 773.89125pt>
File: Screenshots/Specifications.png Graphic file (type png)
<use Screenshots/Specifications.png>
Package pdftex.def Info: Screenshots/Specifications.png  used on input line 35.

(pdftex.def)             Requested size: 407.66833pt x 419.65454pt.
 [3pdfTeX warning (ext4): destination with the same identifier (name{figure.1})
 has been already used, duplicate ignored
<argument> ...shipout:D \box_use:N \l_shipout_box 
                                                  \__shipout_drop_firstpage_...
l.43 
      <./Screenshots/Specifications.png>] [4pdfTeX warning (ext4): destination 
with the same identifier (name{figure.2}) has been already used, duplicate igno
red
<argument> ...shipout:D \box_use:N \l_shipout_box 
                                                  \__shipout_drop_firstpage_...
l.86     \item \textbf
                      {Version Control:} Hosted on GitHub, utilizing branchi...
]
Overfull \hbox (10.9918pt too wide) in paragraph at lines 91--92
[]\OT1/cmr/bx/n/12 Live Patch-ing / Rolling Up-dates: \OT1/cmr/m/n/12 Ku-ber-ne
tes De-ploy-ments en-sure zero-downtime
 []

[5pdfTeX warning (ext4): destination with the same identifier (name{figure.3}) 
has been already used, duplicate ignored
<argument> ...shipout:D \box_use:N \l_shipout_box 
                                                  \__shipout_drop_firstpage_...
l.130     \item \textbf
                       {Kubernetes Ingress/Service:} The entry point into th...
]
Overfull \hbox (4.10945pt too wide) in paragraph at lines 131--132
\OT1/cmr/m/n/12 Python back-end. It re-ceives the re-quest, passes the fea-ture
s to the loaded \OT1/cmtt/m/n/12 model.pkl\OT1/cmr/m/n/12 ,
 []

<Screenshots/logos/FastAPI.png, id=176, 903.375pt x 473.77pt>
File: Screenshots/logos/FastAPI.png Graphic file (type png)
<use Screenshots/logos/FastAPI.png>
Package pdftex.def Info: Screenshots/logos/FastAPI.png  used on input line 140.

(pdftex.def)             Requested size: 22.76228pt x 11.9353pt.

Overfull \hbox (15.06693pt too wide) in paragraph at lines 140--141
[]\OT1/cmr/m/n/12 Serves as the core web frame-work. It pro-vides high-performa
nce,
 []

<Screenshots/logos/GitHub.png, id=177, 3854.4pt x 2168.1pt>
File: Screenshots/logos/GitHub.png Graphic file (type png)
<use Screenshots/logos/GitHub.png>
Package pdftex.def Info: Screenshots/logos/GitHub.png  used on input line 141.
(pdftex.def)             Requested size: 22.76228pt x 12.80292pt.
<Screenshots/logos/Jenkins.png, id=178, 1927.2pt x 1084.05pt>
File: Screenshots/logos/Jenkins.png Graphic file (type png)
<use Screenshots/logos/Jenkins.png>
Package pdftex.def Info: Screenshots/logos/Jenkins.png  used on input line 142.

(pdftex.def)             Requested size: 22.76228pt x 12.80292pt.
<Screenshots/logos/Ansible.png, id=179, 2409.0pt x 1566.51917pt>
File: Screenshots/logos/Ansible.png Graphic file (type png)
<use Screenshots/logos/Ansible.png>
Package pdftex.def Info: Screenshots/logos/Ansible.png  used on input line 143.

(pdftex.def)             Requested size: 22.76228pt x 14.79604pt.
<Screenshots/logos/Docker.jpeg, id=180, 737.75626pt x 518.93875pt>
File: Screenshots/logos/Docker.jpeg Graphic file (type jpg)
<use Screenshots/logos/Docker.jpeg>
Package pdftex.def Info: Screenshots/logos/Docker.jpeg  used on input line 144.

(pdftex.def)             Requested size: 22.76228pt x 16.01091pt.
<Screenshots/logos/Kubernetes.png, id=181, 1541.76pt x 801.99625pt>
File: Screenshots/logos/Kubernetes.png Graphic file (type png)
<use Screenshots/logos/Kubernetes.png>
Package pdftex.def Info: Screenshots/logos/Kubernetes.png  used on input line 1
45.
(pdftex.def)             Requested size: 22.76228pt x 11.83362pt.
<Screenshots/logos/Vault.png, id=182, 451.6875pt x 166.7028pt>
File: Screenshots/logos/Vault.png Graphic file (type png)
<use Screenshots/logos/Vault.png>
Package pdftex.def Info: Screenshots/logos/Vault.png  used on input line 146.
(pdftex.def)             Requested size: 22.76228pt x 8.39922pt.
<Screenshots/logos/Elasticsearch.png, id=183, 1927.2pt x 892.33376pt>
File: Screenshots/logos/Elasticsearch.png Graphic file (type png)
<use Screenshots/logos/Elasticsearch.png>
Package pdftex.def Info: Screenshots/logos/Elasticsearch.png  used on input lin
e 147.
(pdftex.def)             Requested size: 22.76228pt x 10.5387pt.
[6 <./Screenshots/logos/FastAPI.png> <./Screenshots/logos/GitHub.png> <./Screen
shots/logos/Jenkins.png (PNG copy)> <./Screenshots/logos/Ansible.png> <./Screen
shots/logos/Docker.jpeg> <./Screenshots/logos/Kubernetes.png (PNG copy)> <./Scr
eenshots/logos/Vault.png>]
LaTeX Font Info:    Font shape `OT1/cmtt/bx/n' in size <12> not available
(Font)              Font shape `OT1/cmtt/m/n' tried instead on input line 184.
 [7 <./Screenshots/logos/Elasticsearch.png>] [8]
Overfull \hbox (23.76962pt too wide) in paragraph at lines 253--254
[]\OT1/cmtt/m/n/12 POST /predict\OT1/cmr/m/n/12 : Ac-cepts a JSON pay-load val-
i-dated by a Py-dan-tic \OT1/cmtt/m/n/12 TransactionRequest
 []


Overfull \hbox (0.15314pt too wide) in paragraph at lines 254--255
[]\OT1/cmtt/m/n/12 GET /health\OT1/cmr/m/n/12 : Ku-ber-netes readi-ness and liv
e-ness probe end-point en-sur-ing the model
 []

[9pdfTeX warning (ext4): destination with the same identifier (name{figure.4}) 
has been already used, duplicate ignored
<argument> ...shipout:D \box_use:N \l_shipout_box 
                                                  \__shipout_drop_firstpage_...
l.256     \item \texttt
                       {GET /docs}: Auto-generated Swagger UI for interactiv...
]
<Screenshots/DockerHub.png, id=208, 1927.2pt x 1084.05pt>
File: Screenshots/DockerHub.png Graphic file (type png)
<use Screenshots/DockerHub.png>
Package pdftex.def Info: Screenshots/DockerHub.png  used on input line 270.
(pdftex.def)             Requested size: 407.66833pt x 229.31134pt.
<Screenshots/DockerHub2.png, id=209, 1927.2pt x 1084.05pt>
File: Screenshots/DockerHub2.png Graphic file (type png)
<use Screenshots/DockerHub2.png>
Package pdftex.def Info: Screenshots/DockerHub2.png  used on input line 276.
(pdftex.def)             Requested size: 407.66833pt x 229.31134pt.
 [10pdfTeX warning (ext4): destination with the same identifier (name{figure.5}
) has been already used, duplicate ignored
<argument> ...shipout:D \box_use:N \l_shipout_box 
                                                  \__shipout_drop_firstpage_...
l.279 
       <./Screenshots/DockerHub.png>]
<Screenshots/Webhook.png, id=217, 1927.2pt x 1084.05pt>
File: Screenshots/Webhook.png Graphic file (type png)
<use Screenshots/Webhook.png>
Package pdftex.def Info: Screenshots/Webhook.png  used on input line 299.
(pdftex.def)             Requested size: 407.66833pt x 229.31134pt.
 [11pdfTeX warning (ext4): destination with the same identifier (name{figure.6}
) has been already used, duplicate ignored
<argument> ...shipout:D \box_use:N \l_shipout_box 
                                                  \__shipout_drop_firstpage_...
l.302 
       <./Screenshots/DockerHub2.png>] [12pdfTeX warning (ext4): destination wi
th the same identifier (name{figure.7}) has been already used, duplicate ignore
d
<argument> ...shipout:D \box_use:N \l_shipout_box 
                                                  \__shipout_drop_firstpage_...
l.344 
       <./Screenshots/Webhook.png>]
<Screenshots/Jenkins.png, id=237, 1927.2pt x 1084.05pt>
File: Screenshots/Jenkins.png Graphic file (type png)
<use Screenshots/Jenkins.png>
Package pdftex.def Info: Screenshots/Jenkins.png  used on input line 347.
(pdftex.def)             Requested size: 452.9679pt x 254.78487pt.
<Screenshots/Postman.png, id=238, 1927.2pt x 1084.05pt>
File: Screenshots/Postman.png Graphic file (type png)
<use Screenshots/Postman.png>
Package pdftex.def Info: Screenshots/Postman.png  used on input line 353.
(pdftex.def)             Requested size: 452.9679pt x 254.78487pt.
 [13pdfTeX warning (ext4): destination with the same identifier (name{figure.8}
) has been already used, duplicate ignored
<argument> ...shipout:D \box_use:N \l_shipout_box 
                                                  \__shipout_drop_firstpage_...
l.356 
      pdfTeX warning (ext4): destination with the same identifier (name{figure.
9}) has been already used, duplicate ignored
<argument> ...shipout:D \box_use:N \l_shipout_box 
                                                  \__shipout_drop_firstpage_...
l.356 
       <./Screenshots/Jenkins.png>]
<Screenshots/Kubectl.png, id=247, 1927.2pt x 1084.05pt>
File: Screenshots/Kubectl.png Graphic file (type png)
<use Screenshots/Kubectl.png>
Package pdftex.def Info: Screenshots/Kubectl.png  used on input line 365.
(pdftex.def)             Requested size: 452.9679pt x 254.78487pt.
 [14pdfTeX warning (ext4): destination with the same identifier (name{figure.10
}) has been already used, duplicate ignored
<argument> ...shipout:D \box_use:N \l_shipout_box 
                                                  \__shipout_drop_firstpage_...
l.368 
       <./Screenshots/Postman.png>]
<Screenshots/HPA.png, id=254, 1927.2pt x 1084.05pt>
File: Screenshots/HPA.png Graphic file (type png)
<use Screenshots/HPA.png>
Package pdftex.def Info: Screenshots/HPA.png  used on input line 396.
(pdftex.def)             Requested size: 452.9679pt x 254.78487pt.
 [15pdfTeX warning (ext4): destination with the same identifier (name{figure.11
}) has been already used, duplicate ignored
<argument> ...shipout:D \box_use:N \l_shipout_box 
                                                  \__shipout_drop_firstpage_...
l.399 
      pdfTeX warning (ext4): destination with the same identifier (name{figure.
12}) has been already used, duplicate ignored
<argument> ...shipout:D \box_use:N \l_shipout_box 
                                                  \__shipout_drop_firstpage_...
l.399 
       <./Screenshots/Kubectl.png>]
<Screenshots/Vault.png, id=263, 1927.2pt x 1084.05pt>
File: Screenshots/Vault.png Graphic file (type png)
<use Screenshots/Vault.png>
Package pdftex.def Info: Screenshots/Vault.png  used on input line 405.
(pdftex.def)             Requested size: 452.9679pt x 254.78487pt.
 [16pdfTeX warning (ext4): destination with the same identifier (name{figure.13
}) has been already used, duplicate ignored
<argument> ...shipout:D \box_use:N \l_shipout_box 
                                                  \__shipout_drop_firstpage_...
l.408 
       <./Screenshots/HPA.png>]
Underfull \hbox (badness 1292) in paragraph at lines 418--418
[]\OT1/cmr/m/n/12 Dockerfile cre-ates a non-root user (\OT1/cmtt/m/n/12 appuser
\OT1/cmr/m/n/12 ). The
 []


Overfull \hbox (1.3502pt too wide) in paragraph at lines 414--422
 [][] 
 []

[17pdfTeX warning (ext4): destination with the same identifier (name{figure.14}
) has been already used, duplicate ignored
<argument> ...shipout:D \box_use:N \l_shipout_box 
                                                  \__shipout_drop_firstpage_...
l.430 
      pdfTeX warning (ext4): destination with the same identifier (name{table.1
}) has been already used, duplicate ignored
<argument> ...shipout:D \box_use:N \l_shipout_box 
                                                  \__shipout_drop_firstpage_...
l.430 
       <./Screenshots/Vault.png>]
<Screenshots/ELK1.png, id=277, 1927.2pt x 1084.05pt>
File: Screenshots/ELK1.png Graphic file (type png)
<use Screenshots/ELK1.png>
Package pdftex.def Info: Screenshots/ELK1.png  used on input line 460.
(pdftex.def)             Requested size: 407.66833pt x 229.31134pt.
<Screenshots/ELK2.png, id=278, 1927.2pt x 1084.05pt>
File: Screenshots/ELK2.png Graphic file (type png)
<use Screenshots/ELK2.png>
Package pdftex.def Info: Screenshots/ELK2.png  used on input line 466.
(pdftex.def)             Requested size: 407.66833pt x 229.31134pt.
 [18pdfTeX warning (ext4): destination with the same identifier (name{figure.15
}) has been already used, duplicate ignored
<argument> ...shipout:D \box_use:N \l_shipout_box 
                                                  \__shipout_drop_firstpage_...
l.469 
      pdfTeX warning (ext4): destination with the same identifier (name{figure.
16}) has been already used, duplicate ignored
<argument> ...shipout:D \box_use:N \l_shipout_box 
                                                  \__shipout_drop_firstpage_...
l.469 
       <./Screenshots/ELK1.png>]
<Screenshots/ELK3.png, id=286, 1927.2pt x 1084.05pt>
File: Screenshots/ELK3.png Graphic file (type png)
<use Screenshots/ELK3.png>
Package pdftex.def Info: Screenshots/ELK3.png  used on input line 472.
(pdftex.def)             Requested size: 407.66833pt x 229.31134pt.
<Screenshots/ELK4.png, id=287, 1927.2pt x 1084.05pt>
File: Screenshots/ELK4.png Graphic file (type png)
<use Screenshots/ELK4.png>
Package pdftex.def Info: Screenshots/ELK4.png  used on input line 478.
(pdftex.def)             Requested size: 407.66833pt x 229.31134pt.
 [19pdfTeX warning (ext4): destination with the same identifier (name{figure.17
}) has been already used, duplicate ignored
<argument> ...shipout:D \box_use:N \l_shipout_box 
                                                  \__shipout_drop_firstpage_...
l.481 
      pdfTeX warning (ext4): destination with the same identifier (name{figure.
18}) has been already used, duplicate ignored
<argument> ...shipout:D \box_use:N \l_shipout_box 
                                                  \__shipout_drop_firstpage_...
l.481 
       <./Screenshots/ELK2.png> <./Screenshots/ELK3.png>]
Overfull \hbox (3.04822pt too wide) in paragraph at lines 486--487
[]\OT1/cmr/bx/n/12 Single-Node Minikube: \OT1/cmr/m/n/12 The ap-pli-ca-tion is 
cur-rently de-ployed on a lo-cal Minikube
 []

[20pdfTeX warning (ext4): destination with the same identifier (name{figure.19}
) has been already used, duplicate ignored
<argument> ...shipout:D \box_use:N \l_shipout_box 
                                                  \__shipout_drop_firstpage_...
l.493 \end{document}
                     <./Screenshots/ELK4.png>] (./FraudGuard_Final_Report.aux)
Package rerunfilecheck Info: File `FraudGuard_Final_Report.out' has not changed
.
(rerunfilecheck)             Checksum: D09B8EB839BBB8C049B1CF736CB46D46;5404.
 ) 
Here is how much of TeX's memory you used:
 21216 strings out of 480247
 409221 string characters out of 5896151
 671750 words of memory out of 5000000
 38733 multiletter control sequences out of 15000+600000
 475240 words of font info for 48 fonts, out of 8000000 for 9000
 14 hyphenation exceptions out of 8191
 84i,12n,89p,637b,940s stack positions out of 5000i,500n,10000p,200000b,80000s
 </home/vishesh/.texlive2021/texmf-var/fonts/pk/ljfour/jknappen/ec/tcrm1200.6
00pk></usr/share/texlive/texmf-dist/fonts/type1/public/amsfonts/cm/cmbx12.pfb><
/usr/share/texlive/texmf-dist/fonts/type1/public/amsfonts/cm/cmmi12.pfb></usr/s
hare/texlive/texmf-dist/fonts/type1/public/amsfonts/cm/cmr12.pfb></usr/share/te
xlive/texmf-dist/fonts/type1/public/amsfonts/cm/cmr17.pfb></usr/share/texlive/t
exmf-dist/fonts/type1/public/amsfonts/cm/cmsy10.pfb></usr/share/texlive/texmf-d
ist/fonts/type1/public/amsfonts/cm/cmtt12.pfb>
Output written on FraudGuard_Final_Report.pdf (20 pages, 4053964 bytes).
PDF statistics:
 354 PDF objects out of 1000 (max. 8388607)
 277 compressed objects within 3 object streams
 75 named destinations out of 1000 (max. 500000)
 334 words of extra memory for PDF output out of 10000 (max. 10000000)

