==> Vault server configuration:

Administrative Namespace: 
             Api Address: http://127.0.0.1:8200
                     Cgo: disabled
         Cluster Address: https://127.0.0.1:8201
   Environment Variables: ANTIGRAVITY_AGENT, ANTIGRAVITY_EDITOR_APP_ROOT, ANTIGRAVITY_TRAJECTORY_ID, CHROME_DESKTOP, CLASSPATH, DBUS_SESSION_BUS_ADDRESS, DERBY_HOME, DESKTOP_SESSION, DISPLAY, FC_FONTATIONS, FLINK_HOME, GDK_BACKEND, GDMSESSION, GIO_LAUNCHED_DESKTOP_FILE, GIO_LAUNCHED_DESKTOP_FILE_PID, GJS_DEBUG_OUTPUT, GJS_DEBUG_TOPICS, GNOME_DESKTOP_SESSION_ID, GNOME_SHELL_SESSION_MODE, GPG_AGENT_INFO, GTK_IM_MODULE, GTK_MODULES, HADOOP_CONF_DIR, HADOOP_HOME, HIVE_CONF_DIR, HIVE_HOME, HOME, INVOCATION_ID, JAVA_HOME, JOURNAL_STREAM, LANG, LANGUAGE, LESSCLOSE, LESSOPEN, LIBVIRT_DEFAULT_URI, LOGNAME, LS_COLORS, MANAGERPID, PAGER, PATH, PIG_CLASSPATH, PIG_HOME, PWD, QT_ACCESSIBILITY, QT_IM_MODULE, SESSION_MANAGER, SHELL, SHLVL, SPARK_HOME, SSH_AGENT_LAUNCHER, SSH_AUTH_SOCK, SYSTEMD_EXEC_PID, TERM, USER, USERNAME, VSCODE_CODE_CACHE_PATH, VSCODE_CWD, VSCODE_IPC_HOOK, VSCODE_NLS_CONFIG, VSCODE_PID, WINDOWPATH, XAUTHORITY, XDG_CONFIG_DIRS, XDG_CURRENT_DESKTOP, XDG_DATA_DIRS, XDG_MENU_PREFIX, XDG_RUNTIME_DIR, XDG_SESSION_CLASS, XDG_SESSION_DESKTOP, XDG_SESSION_TYPE, XMODIFIERS, _
              Go Version: go1.22.2
              Listener 1: tcp (addr: "127.0.0.1:8200", cluster address: "127.0.0.1:8201", disable_request_limiter: "false", max_request_duration: "1m30s", max_request_size: "33554432", tls: "disabled")
               Log Level: 
                   Mlock: supported: true, enabled: false
           Recovery Mode: false
                 Storage: inmem
                 Version: Vault v1.16.3, built 2024-05-29T14:28:42Z
             Version Sha: e92d9a57018f43360e2e3717b3b6a7f650c88f4c

==> Vault server started! Log data will stream in below:

2026-05-06T08:07:32.802Z [INFO]  proxy environment: http_proxy="" https_proxy="" no_proxy=""
2026-05-06T08:07:32.802Z [INFO]  incrementing seal generation: generation=1
2026-05-06T08:07:32.802Z [WARN]  no `api_addr` value specified in config or in VAULT_API_ADDR; falling back to detection if possible, but this value should be manually set
2026-05-06T08:07:32.804Z [INFO]  core: Initializing version history cache for core
2026-05-06T08:07:32.804Z [INFO]  events: Starting event system
2026-05-06T08:07:32.804Z [INFO]  core: security barrier not initialized
2026-05-06T08:07:32.805Z [INFO]  core: security barrier initialized: stored=1 shares=1 threshold=1
2026-05-06T08:07:32.807Z [INFO]  core: post-unseal setup starting
2026-05-06T08:07:32.815Z [INFO]  core: loaded wrapping token key
2026-05-06T08:07:32.815Z [INFO]  core: successfully setup plugin runtime catalog
2026-05-06T08:07:32.815Z [INFO]  core: successfully setup plugin catalog: plugin-directory=""
2026-05-06T08:07:32.816Z [INFO]  core: no mounts; adding default mount table
2026-05-06T08:07:32.817Z [INFO]  core: successfully mounted: type=cubbyhole version="v1.16.3+builtin.vault" path=cubbyhole/ namespace="ID: root. Path: "
2026-05-06T08:07:32.818Z [INFO]  core: successfully mounted: type=system version="v1.16.3+builtin.vault" path=sys/ namespace="ID: root. Path: "
2026-05-06T08:07:32.819Z [INFO]  core: successfully mounted: type=identity version="v1.16.3+builtin.vault" path=identity/ namespace="ID: root. Path: "
2026-05-06T08:07:32.820Z [INFO]  core: successfully mounted: type=token version="v1.16.3+builtin.vault" path=token/ namespace="ID: root. Path: "
2026-05-06T08:07:32.820Z [INFO]  rollback: Starting the rollback manager with 256 workers
2026-05-06T08:07:32.821Z [INFO]  rollback: starting rollback manager
2026-05-06T08:07:32.821Z [INFO]  core: restoring leases
2026-05-06T08:07:32.822Z [INFO]  expiration: lease restore complete
2026-05-06T08:07:32.822Z [INFO]  identity: entities restored
2026-05-06T08:07:32.822Z [INFO]  identity: groups restored
2026-05-06T08:07:32.822Z [INFO]  core: Recorded vault version: vault version=1.16.3 upgrade time="2026-05-06 08:07:32.822336602 +0000 UTC" build date=2024-05-29T14:28:42Z
2026-05-06T08:07:32.824Z [INFO]  core: post-unseal setup complete
2026-05-06T08:07:32.824Z [INFO]  core: root token generated
2026-05-06T08:07:32.824Z [INFO]  core: pre-seal teardown starting
2026-05-06T08:07:32.824Z [INFO]  rollback: stopping rollback manager
2026-05-06T08:07:32.825Z [INFO]  core: pre-seal teardown complete
2026-05-06T08:07:32.825Z [INFO]  core.cluster-listener.tcp: starting listener: listener_address=127.0.0.1:8201
2026-05-06T08:07:32.825Z [INFO]  core.cluster-listener: serving cluster requests: cluster_listen_address=127.0.0.1:8201
2026-05-06T08:07:32.826Z [INFO]  core: post-unseal setup starting
2026-05-06T08:07:32.826Z [INFO]  core: loaded wrapping token key
2026-05-06T08:07:32.826Z [INFO]  core: successfully setup plugin runtime catalog
2026-05-06T08:07:32.826Z [INFO]  core: successfully setup plugin catalog: plugin-directory=""
2026-05-06T08:07:32.827Z [INFO]  core: successfully mounted: type=system version="v1.16.3+builtin.vault" path=sys/ namespace="ID: root. Path: "
2026-05-06T08:07:32.828Z [INFO]  core: successfully mounted: type=identity version="v1.16.3+builtin.vault" path=identity/ namespace="ID: root. Path: "
2026-05-06T08:07:32.828Z [INFO]  core: successfully mounted: type=cubbyhole version="v1.16.3+builtin.vault" path=cubbyhole/ namespace="ID: root. Path: "
2026-05-06T08:07:32.828Z [INFO]  core: successfully mounted: type=token version="v1.16.3+builtin.vault" path=token/ namespace="ID: root. Path: "
2026-05-06T08:07:32.829Z [INFO]  rollback: Starting the rollback manager with 256 workers
2026-05-06T08:07:32.829Z [INFO]  rollback: starting rollback manager
2026-05-06T08:07:32.829Z [INFO]  core: restoring leases
2026-05-06T08:07:32.829Z [INFO]  identity: entities restored
2026-05-06T08:07:32.829Z [INFO]  identity: groups restored
2026-05-06T08:07:32.829Z [INFO]  expiration: lease restore complete
2026-05-06T08:07:32.829Z [INFO]  core: post-unseal setup complete
2026-05-06T08:07:32.829Z [INFO]  core: vault is unsealed
2026-05-06T08:07:32.830Z [INFO]  expiration: revoked lease: lease_id=auth/token/root/hedb77ea7ab610a483d6a6f4ad5c617b2c1be19418dd26ab441f30bb4795eb271
2026-05-06T08:07:32.833Z [INFO]  core: successful mount: namespace="" path=secret/ type=kv version="v0.17.0+builtin"
WARNING! dev mode is enabled! In this mode, Vault runs entirely in-memory
and starts unsealed with a single unseal key. The root token is already
authenticated to the CLI, so you can immediately begin using Vault.

You may need to set the following environment variables:

    $ export VAULT_ADDR='http://127.0.0.1:8200'

The unseal key and root token are displayed below in case you want to
seal/unseal the Vault or re-authenticate.

Unseal Key: 53t2htDsfEBkXwBX1SkhPRRlW51Anxj7PuWk1M8QmJU=
Root Token: root

Development mode should NOT be used in production installations!

2026-05-06T08:07:35.617Z [ERROR] secrets.system.system_622c5d08: error occurred during enable mount: path=secret/ error="path is already in use at secret/"
2026-05-06T08:07:35.909Z [INFO]  core: enabled credential backend: path=approle/ type=approle version="v1.16.3+builtin.vault"
